<?xml version="1.0" encoding="UTF-8"?>
<testsuite name="MainKtTest" tests="3" skipped="0" failures="0" errors="0" timestamp="2021-12-13T18:17:21" hostname="LAPTOP-NH1A3JQV" time="0.173">
  <properties/>
  <testcase name="update_whenHaveIndexFalse" classname="MainKtTest" time="0.172"/>
  <testcase name="update_whenHaveIndexTrue" classname="MainKtTest" time="0.0"/>
  <testcase name="add_isWorkingCorrectly" classname="MainKtTest" time="0.001"/>
  <system-out><![CDATA[]]></system-out>
  <system-err><![CDATA[]]></system-err>
</testsuite>
