<?xml version="1.0" encoding="UTF-8"?>
<testsuite name="MainKtTest" tests="2" skipped="0" failures="0" errors="0" timestamp="2021-11-13T09:52:25" hostname="LAPTOP-NH1A3JQV" time="0.145">
  <properties/>
  <testcase name="add_isWorkingCorrectly" classname="MainKtTest" time="0.145"/>
  <testcase name="update_isWorkingCorrectly" classname="MainKtTest" time="0.0"/>
  <system-out><![CDATA[]]></system-out>
  <system-err><![CDATA[]]></system-err>
</testsuite>
